<?xml version="1.0" encoding="UTF-8"?>
<testng-results skipped="0" failed="0" ignored="0" total="2" passed="2">
  <reporter-output>
  </reporter-output>
  <suite name="GDCC Bank_V1 Suite1" duration-ms="88556" started-at="2022-08-01T22:44:49 IST" finished-at="2022-08-01T22:46:18 IST">
    <groups>
    </groups>
    <test name="Test Basics 1" duration-ms="88556" started-at="2022-08-01T22:44:49 IST" finished-at="2022-08-01T22:46:18 IST">
      <class name="com.gdccbank.testcases.TC_LoginTest_001">
        <test-method status="PASS" signature="setup(java.lang.String)[pri:0, instance:com.gdccbank.testcases.TC_LoginTest_001@fd07cbb]" name="setup" is-config="true" duration-ms="6433" started-at="2022-08-01T22:44:49 IST" finished-at="2022-08-01T22:44:56 IST">
          <params>
            <param index="0">
              <value>
                <![CDATA[firefox]]>
              </value>
            </param>
          </params>
          <reporter-output>
          </reporter-output>
        </test-method> <!-- setup -->
        <test-method status="PASS" signature="loginTest()[pri:0, instance:com.gdccbank.testcases.TC_LoginTest_001@fd07cbb]" name="loginTest" duration-ms="67039" started-at="2022-08-01T22:44:56 IST" finished-at="2022-08-01T22:46:03 IST">
          <reporter-output>
          </reporter-output>
        </test-method> <!-- loginTest -->
        <test-method status="PASS" signature="tearDown()[pri:0, instance:com.gdccbank.testcases.TC_LoginTest_001@fd07cbb]" name="tearDown" is-config="true" duration-ms="2755" started-at="2022-08-01T22:46:03 IST" finished-at="2022-08-01T22:46:06 IST">
          <reporter-output>
          </reporter-output>
        </test-method> <!-- tearDown -->
      </class> <!-- com.gdccbank.testcases.TC_LoginTest_001 -->
      <class name="com.gdccbank.testcases.TC_LoginTest_002">
        <test-method status="PASS" signature="setup(java.lang.String)[pri:0, instance:com.gdccbank.testcases.TC_LoginTest_002@37f1104d]" name="setup" is-config="true" duration-ms="3563" started-at="2022-08-01T22:46:06 IST" finished-at="2022-08-01T22:46:09 IST">
          <params>
            <param index="0">
              <value>
                <![CDATA[firefox]]>
              </value>
            </param>
          </params>
          <reporter-output>
          </reporter-output>
        </test-method> <!-- setup -->
        <test-method status="PASS" signature="loginTest()[pri:0, instance:com.gdccbank.testcases.TC_LoginTest_002@37f1104d]" name="loginTest" duration-ms="7193" started-at="2022-08-01T22:46:09 IST" finished-at="2022-08-01T22:46:16 IST">
          <reporter-output>
          </reporter-output>
        </test-method> <!-- loginTest -->
        <test-method status="PASS" signature="tearDown()[pri:0, instance:com.gdccbank.testcases.TC_LoginTest_002@37f1104d]" name="tearDown" is-config="true" duration-ms="1392" started-at="2022-08-01T22:46:16 IST" finished-at="2022-08-01T22:46:18 IST">
          <reporter-output>
          </reporter-output>
        </test-method> <!-- tearDown -->
      </class> <!-- com.gdccbank.testcases.TC_LoginTest_002 -->
    </test> <!-- Test Basics 1 -->
  </suite> <!-- GDCC Bank_V1 Suite1 -->
</testng-results>
